00000     23.9296  114.4563    0.0000    0.0000       0       0    1016     958    0.0000    0.0045   1
00001     23.9298  114.4583    0.0000    0.0000       0       0    1036     986    0.0000    0.0043   1
00002     23.9290  114.4600    0.0000    0.0000       0       0    1082    1022    0.0000    0.0044   1
00003     23.9284  114.4619    0.0000    0.0000       0       0    1128    1060    0.0000    0.0045   1
00004     23.9276  114.4638    0.0000    0.0000       0       0    1183    1121    0.0000    0.0043   1
00005     23.9284  114.4655    0.0000    0.0000       0       0    1196    1133    0.0000    0.0042   1
00006     23.9285  114.4676    0.0000    0.0000       0       0    1209    1147    0.0000    0.0044   1
00007     23.9277  114.4683    0.0000    0.0000       0       0    1239    1172    0.0000    0.0043   1
00008     23.9269  114.4698    0.0000    0.0000       0       0    1262    1198    0.0000    0.0042   1
00009     23.9270  114.4718    0.0000    0.0000       0       0    1279    1214    0.0000    0.0044   1
00010     23.9280  114.4733    0.0000    0.0000       0       0    1262    1197    0.0000    0.0043   1
00011     23.9288  114.4749    0.0000    0.0000       0       0    1283    1213    0.0000    0.0043   1
00012     23.9275  114.4756    0.0000    0.0000       0       0    1302    1229    0.0000    0.0043   1
00013     23.9277  114.4774    0.0000    0.0000       0       0    1334    1260    0.0000    0.0042   1
00014     23.9284  114.4770    0.0000    0.0000       0       0    1326    1254    0.0000    0.0041   1
00015     23.9300  114.4776    0.0000    0.0000       0       0    1265    1182    0.0000    0.0044   1
00016     23.9304  114.4793    0.0000    0.0000       0       0    1270    1190    0.0000    0.0042   1
00017     23.9321  114.4797    0.0000    0.0000       0       0    1252    1173    0.0000    0.0043   1
00018     23.9311  114.4812    0.0000    0.0000       0       0    1272    1193    0.0000    0.0042   1
00019     23.9300  114.4821    0.0000    0.0000       0       0    1313    1231    0.0000    0.0043   1
00020     23.9281  114.4822    0.0000    0.0000       0       0    1354    1278    0.0000    0.0044   1
00021     23.9274  114.4832    0.0000    0.0000       0       0    1392    1312    0.0000    0.0041   1
00022     23.9275  114.4843    0.0000    0.0000       0       0    1396    1313    0.0000    0.0041   1
00023     23.9260  114.4857    0.0000    0.0000       0       0    1440    1368    0.0000    0.0042   1
00024     23.9244  114.4865    0.0000    0.0000       0       0    1456    1376    0.0000    0.0042   1
00025     23.9228  114.4875    0.0000    0.0000       0       0    1472    1394    0.0000    0.0043   1
00026     23.9212  114.4880    0.0000    0.0000       0       0    1497    1411    0.0000    0.0042   1
00027     23.9202  114.4895    0.0000    0.0000       0       0    1596    1513    0.0000    0.0043   1
00028     23.9186  114.4902    0.0000    0.0000       0       0    1686    1597    0.0000    0.0044   1
00029     23.9176  114.4913    0.0000    0.0000       0       0    1776    1675    0.0000    0.0045   1
00030     23.9180  114.4933    0.0000    0.0000       0       0    1759    1658    0.0000    0.0044   1
00031     23.9174  114.4952    0.0000    0.0000       0       0    1824    1723    0.0000    0.0044   1
00032     23.9178  114.4962    0.0000    0.0000       0       0    1785    1688    0.0000    0.0044   1
00033     23.9186  114.4972    0.0000    0.0000       0       0    1718    1628    0.0000    0.0043   1
00034     23.9202  114.4982    0.0000    0.0000       0       0    1573    1485    0.0000    0.0042   1
00035     23.9210  114.4995    0.0000    0.0000       0       0    1430    1357    0.0000    0.0045   1
00036     23.9204  114.5011    0.0000    0.0000       0       0    1545    1471    0.0000    0.0044   1
00037     23.9193  114.5023    0.0000    0.0000       0       0    1629    1549    0.0000    0.0044   1
00038     23.9190  114.5036    0.0000    0.0000       0       0    1528    1454    0.0000    0.0043   1
00039     23.9204  114.5044    0.0000    0.0000       0       0    1373    1302    0.0000    0.0044   1
00040     23.9212  114.5053    0.0000    0.0000       0       0    1240    1192    0.0000    0.0045   1
00041     23.9201  114.5063    0.0000    0.0000       0       0    1329    1266    0.0000    0.0046   1
00042     23.9189  114.5048    0.0000    0.0000       0       0    1457    1385    0.0000    0.0045   1
00043     23.9177  114.5032    0.0000    0.0000       0       0    1606    1530    0.0000    0.0044   1
00044     23.9163  114.5019    0.0000    0.0000       0       0    1855    1763    0.0000    0.0044   1
00045     23.9147  114.5008    0.0000    0.0000       0       0    1943    1846    0.0000    0.0044   1
00046     23.9130  114.4998    0.0000    0.0000       0       0    2001    1891    0.0000    0.0043   1
00047     23.9115  114.4985    0.0000    0.0000       0       0    2025    1937    0.0000    0.0045   1
00048     23.9097  114.4978    0.0000    0.0000       0       0    2112    2018    0.0000    0.0044   1
00049     23.9079  114.4970    0.0000    0.0000       0       0    2165    2036    0.0000    0.0044   1
00050     23.9061  114.4963    0.0000    0.0000       0       0    1788    1690    0.0000    0.0046   1
00051     23.9044  114.4954    0.0000    0.0000       0       0    1717    1615    0.0000    0.0045   1
00052     23.9026  114.4949    0.0000    0.0000       0       0    1546    1497    0.0000    0.0045   1
00053     23.9008  114.4956    0.0000    0.0000       0       0    1532    1479    0.0000    0.0046   1
00054     23.8990  114.4963    0.0000    0.0000       0       0    1532    1472    0.0000    0.0045   1
00055     23.8978  114.4978    0.0000    0.0000       0       0    1545    1491    0.0000    0.0045   1
00056     23.8967  114.4995    0.0000    0.0000       0       0    1453    1424    0.0000    0.0045   1
00057     23.8953  114.5009    0.0000    0.0000       0       0    1486    1443    0.0000    0.0044   1
00058     23.8939  114.5024    0.0000    0.0000       0       0    1519    1494    0.0000    0.0046   1
00059     23.8927  114.5040    0.0000    0.0000       0       0    1552    1530    0.0000    0.0044   1
00060     23.8913  114.5055    0.0000    0.0000       0       0    1563    1546    0.0000    0.0045   1
00061     23.8899  114.5068    0.0000    0.0000       0       0    1553    1525    0.0000    0.0045   1
00062     23.8887  114.5083    0.0000    0.0000       0       0    1581    1555    0.0000    0.0047   1
00063     23.8887  114.5094    0.0000    0.0000       0       0    1622    1596    0.0000    0.0046   1
00064     23.8891  114.5107    0.0000    0.0000       0       0    1666    1627    0.0000    0.0045   1
00065     23.8888  114.5128    0.0000    0.0000       0       0    1669    1629    0.0000    0.0046   1
00066     23.8884  114.5148    0.0000    0.0000       0       0    1665    1608    0.0000    0.0045   1
00067     23.8880  114.5169    0.0000    0.0000       0       0    1678    1609    0.0000    0.0044   1
00068     23.8876  114.5189    0.0000    0.0000       0       0    1716    1640    0.0000    0.0046   1
00069     23.8872  114.5210    0.0000    0.0000       0       0    1712    1629    0.0000    0.0046   1
00070     23.8864  114.5227    0.0000    0.0000       0       0    1681    1610    0.0000    0.0046   1
00071     23.8853  114.5242    0.0000    0.0000       0       0    1661    1579    0.0000    0.0045   1
00072     23.8846  114.5256    0.0000    0.0000       0       0    1645    1560    0.0000    0.0046   1
00073     23.8827  114.5261    0.0000    0.0000       0       0    1656    1558    0.0000    0.0045   1
00074     23.8818  114.5267    0.0000    0.0000       0       0    1653    1560    0.0000    0.0046   1
00075     23.8799  114.5262    0.0000    0.0000       0       0    1683    1574    0.0000    0.0045   1
00076     23.8780  114.5261    0.0000    0.0000       0       0    1654    1586    0.0000    0.0045   1
00077     23.8761  114.5261    0.0000    0.0000       0       0    1682    1599    0.0000    0.0045   1
00078     23.8741  114.5261    0.0000    0.0000       0       0    1629    1581    0.0000    0.0045   1
00079     23.8722  114.5260    0.0000    0.0000       0       0    1590    1545    0.0000    0.0046   1
00080     23.8703  114.5260    0.0000    0.0000       0       0    1541    1516    0.0000    0.0046   1
00081     23.8684  114.5259    0.0000    0.0000       0       0    1490    1464    0.0000    0.0048   1
00082     23.8665  114.5259    0.0000    0.0000       0       0    1481    1463    0.0000    0.0045   1
00083     23.8645  114.5257    0.0000    0.0000       0       0    1457    1443    0.0000    0.0046   1
00084     23.8626  114.5257    0.0000    0.0000       0       0    1463    1432    0.0000    0.0046   1
00085     23.8607  114.5259    0.0000    0.0000       0       0    1484    1452    0.0000    0.0046   1
00086     23.8588  114.5260    0.0000    0.0000       0       0    1566    1535    0.0000    0.0046   1
00087     23.8584  114.5266    0.0000    0.0000       0       0    1547    1517    0.0000    0.0046   1
00088     23.8569  114.5273    0.0000    0.0000       0       0    2283    2195    0.0000    0.0046   1
00089     23.8550  114.5279    0.0000    0.0000       0       0    2246    2160    0.0000    0.0046   1
00090     23.8532  114.5286    0.0000    0.0000       0       0    2222    2141    0.0000    0.0046   1
00091     23.8514  114.5292    0.0000    0.0000       0       0    2187    2102    0.0000    0.0046   1
00092     23.8496  114.5298    0.0000    0.0000       0       0    2174    2093    0.0000    0.0045   1
00093     23.8477  114.5304    0.0000    0.0000       0       0    2172    2087    0.0000    0.0044   1
00094     23.8458  114.5308    0.0000    0.0000       0       0    2063    1977    0.0000    0.0044   1
00095     23.8448  114.5312    0.0000    0.0000       0       0    1953    1870    0.0000    0.0045   1
00096     23.8451  114.5327    0.0000    0.0000       0       0    2048    1962    0.0000    0.0044   1
00097     23.8461  114.5345    0.0000    0.0000       0       0    2057    1972    0.0000    0.0045   1
00098     23.8462  114.5355    0.0000    0.0000       0       0    1930    1849    0.0000    0.0046   1
00099     23.8443  114.5360    0.0000    0.0000       0       0    1920    1840    0.0000    0.0045   1
00100     23.8424  114.5363    0.0000    0.0000       0       0    1905    1821    0.0000    0.0045   1
00101     23.8405  114.5367    0.0000    0.0000       0       0    1870    1775    0.0000    0.0045   1
00102     23.8386  114.5367    0.0000    0.0000       0       0    1759    1671    0.0000    0.0044   1
00103     23.8367  114.5366    0.0000    0.0000       0       0    1670    1593    0.0000    0.0044   1
00104     23.8348  114.5362    0.0000    0.0000       0       0    1638    1560    0.0000    0.0044   1
00105     23.8331  114.5352    0.0000    0.0000       0       0    1612    1541    0.0000    0.0043   1
00106     23.8316  114.5340    0.0000    0.0000       0       0    1592    1525    0.0000    0.0043   1
00107     23.8300  114.5327    0.0000    0.0000       0       0    1539    1477    0.0000    0.0042   1
00108     23.8284  114.5316    0.0000    0.0000       0       0    1473    1415    0.0000    0.0043   1
00109     23.8270  114.5303    0.0000    0.0000       0       0    1420    1368    0.0000    0.0044   1
00110     23.8260  114.5296    0.0000    0.0000       0       0    1423    1367    0.0000    0.0044   1
00111     23.8243  114.5286    0.0000    0.0000       0       0    1483    1411    0.0000    0.0042   1
00112     23.8231  114.5270    0.0000    0.0000       0       0    1477    1397    0.0000    0.0043   1
00113     23.8222  114.5252    0.0000    0.0000       0       0    1389    1320    0.0000    0.0044   1
00114     23.8212  114.5234    0.0000    0.0000       0       0    1332    1266    0.0000    0.0044   1
00115     23.8199  114.5220    0.0000    0.0000       0       0    1319    1248    0.0000    0.0043   1
00116     23.8193  114.5201    0.0000    0.0000       0       0    1313    1242    0.0000    0.0042   1
00117     23.8181  114.5184    0.0000    0.0000       0       0    1259    1193    0.0000    0.0044   1
00118     23.8168  114.5172    0.0000    0.0000       0       0    1180    1110    0.0000    0.0045   1
00119     23.8149  114.5176    0.0000    0.0000       0       0    1188    1119    0.0000    0.0044   1
00120     23.8133  114.5184    0.0000    0.0000       0       0    1185    1107    0.0000    0.0044   1
00121     23.8116  114.5194    0.0000    0.0000       0       0    1191    1115    0.0000    0.0042   1
00122     23.8101  114.5202    0.0000    0.0000       0       0    1176    1100    0.0000    0.0042   1
00123     23.8089  114.5216    0.0000    0.0000       0       0    1164    1085    0.0000    0.0043   1
00124     23.8078  114.5231    0.0000    0.0000       0       0    1144    1070    0.0000    0.0045   1
00125     23.8062  114.5241    0.0000    0.0000       0       0    1142    1065    0.0000    0.0044   1
00126     23.8050  114.5240    0.0000    0.0000       0       0    1103    1038    0.0000    0.0044   1
00127     23.8038  114.5256    0.0000    0.0000       0       0    1075    1004    0.0000    0.0043   1
00128     23.8023  114.5268    0.0000    0.0000       0       0    1056     988    0.0000    0.0044   1
00129     23.8019  114.5287    0.0000    0.0000       0       0    1050     986    0.0000    0.0043   1
00130     23.8006  114.5302    0.0000    0.0000       0       0    1007     952    0.0000    0.0045   1
00131     23.7995  114.5318    0.0000    0.0000       0       0     989     941    0.0000    0.0044   1
00132     23.7999  114.5337    0.0000    0.0000       0       0     996     953    0.0000    0.0044   1
00133     23.7993  114.5356    0.0000    0.0000       0       0    1032     986    0.0000    0.0046   1
00134     23.7997  114.5372    0.0000    0.0000       0       0    1045    1002    0.0000    0.0046   1
00135     23.7991  114.5385    0.0000    0.0000       0       0    1048    1004    0.0000    0.0044   1
00136     23.7986  114.5405    0.0000    0.0000       0       0    1041    1000    0.0000    0.0045   1
00137     23.7973  114.5416    0.0000    0.0000       0       0    1016     977    0.0000    0.0045   1
