(a6,f7.4,a1,1x,f8.4,a1,1x,i4,1x,i1,1x,i3,1x,f5.2,2x,f5.2)
00000 30.0782N 121.8239E 1000 1   1  0.00   0.00
00050 30.0791N 121.8191E 1000 1   2  0.00   0.00
00100 30.0790N 121.8139E 1000 1   3  0.00   0.00
00150 30.0789N 121.8087E 1000 1   4  0.00   0.00
00200 30.0789N 121.8035E 1000 1   5  0.00   0.00
00250 30.0788N 121.7983E 1000 1   6  0.00   0.00
00300 30.0786N 121.7931E 1000 1   7  0.00   0.00
00350 30.0784N 121.7880E 1000 1   8  0.00   0.00
00400 30.0784N 121.7828E 1000 1   9  0.00   0.00
00450 30.0782N 121.7776E 1000 1  10  0.00   0.00
00500 30.0781N 121.7724E 1000 1  11  0.00   0.00
00550 30.0778N 121.7672E 1000 1  12  0.00   0.00
00600 30.0778N 121.7621E 1000 1  13  0.00   0.00
00650 30.0761N 121.7573E 1000 1  14  0.00   0.00
00700 30.0746N 121.7524E 1000 1  15  0.00   0.00
00750 30.0732N 121.7475E 1000 1  16  0.00   0.00
00800 30.0716N 121.7426E 1000 1  17  0.00   0.00
00850 30.0703N 121.7377E 1000 1  18  0.00   0.00
00900 30.0687N 121.7329E 1000 1  19  0.00   0.00
00950 30.0672N 121.7280E 1000 1  20  0.00   0.00
01000 30.0642N 121.7242E 1000 1  21  0.00   0.00
01050 30.0610N 121.7206E 1000 1  22  0.00   0.00
01100 30.0578N 121.7170E 1000 1  23  0.00   0.00
01150 30.0546N 121.7133E 1000 1  24  0.00   0.00
01200 30.0514N 121.7096E 1000 1  25  0.00   0.00
01250 30.0483N 121.7060E 1000 1  26  0.00   0.00
01300 30.0451N 121.7023E 1000 1  27  0.00   0.00
01350 30.0419N 121.6987E 1000 1  28  0.00   0.00
01400 30.0387N 121.6951E 1000 1  29  0.00   0.00
01450 30.0356N 121.6914E 1000 1  30  0.00   0.00
01500 30.0324N 121.6877E 1000 1  31  0.00   0.00
01550 30.0296N 121.6836E 1000 1  32  0.00   0.00
01600 30.0274N 121.6792E 1000 1  33  0.00   0.00
01650 30.0251N 121.6747E 1000 1  34  0.00   0.00

